<?xml version="1.0" encoding="UTF-8"?>
<testsuite xmlns:xsi="http://www.w3.org/2001/XMLSchema-instance" xsi:schemaLocation="https://maven.apache.org/surefire/maven-surefire-plugin/xsd/surefire-test-report.xsd" name="acceptance_tests.AcceptanceTest" time="1.018" tests="10" errors="1" skipped="0" failures="0">
  <properties>
    <property name="java.runtime.name" value="Java(TM) SE Runtime Environment"/>
    <property name="sun.boot.library.path" value="/Library/Java/JavaVirtualMachines/jdk1.8.0_241.jdk/Contents/Home/jre/lib"/>
    <property name="java.vm.version" value="25.241-b07"/>
    <property name="user.country.format" value="DK"/>
    <property name="gopherProxySet" value="false"/>
    <property name="java.vm.vendor" value="Oracle Corporation"/>
    <property name="maven.multiModuleProjectDirectory" value="/Users/loui/Desktop/JavaFxTest/SoftwareEngineering"/>
    <property name="java.vendor.url" value="http://java.oracle.com/"/>
    <property name="path.separator" value=":"/>
    <property name="guice.disable.misplaced.annotation.check" value="true"/>
    <property name="java.vm.name" value="Java HotSpot(TM) 64-Bit Server VM"/>
    <property name="file.encoding.pkg" value="sun.io"/>
    <property name="user.country" value="GB"/>
    <property name="sun.java.launcher" value="SUN_STANDARD"/>
    <property name="sun.os.patch.level" value="unknown"/>
    <property name="java.vm.specification.name" value="Java Virtual Machine Specification"/>
    <property name="user.dir" value="/Users/loui/Desktop/JavaFxTest/SoftwareEngineering"/>
    <property name="java.runtime.version" value="1.8.0_241-b07"/>
    <property name="java.awt.graphicsenv" value="sun.awt.CGraphicsEnvironment"/>
    <property name="java.endorsed.dirs" value="/Library/Java/JavaVirtualMachines/jdk1.8.0_241.jdk/Contents/Home/jre/lib/endorsed"/>
    <property name="os.arch" value="x86_64"/>
    <property name="java.io.tmpdir" value="/var/folders/3t/13b3t9d9663dvq1d6vr7lrbh0000gn/T/"/>
    <property name="line.separator" value="&#10;"/>
    <property name="java.vm.specification.vendor" value="Oracle Corporation"/>
    <property name="os.name" value="Mac OS X"/>
    <property name="idea.version2020.1" value="true"/>
    <property name="maven.ext.class.path" value="/Applications/IntelliJ IDEA.app/Contents/plugins/maven/lib/maven-event-listener.jar"/>
    <property name="classworlds.conf" value="/Applications/IntelliJ IDEA.app/Contents/plugins/maven/lib/maven3/bin/m2.conf"/>
    <property name="sun.jnu.encoding" value="UTF-8"/>
    <property name="java.library.path" value="/Users/loui/Library/Java/Extensions:/Library/Java/Extensions:/Network/Library/Java/Extensions:/System/Library/Java/Extensions:/usr/lib/java:."/>
    <property name="maven.conf" value="/Applications/IntelliJ IDEA.app/Contents/plugins/maven/lib/maven3/conf"/>
    <property name="java.specification.name" value="Java Platform API Specification"/>
    <property name="java.class.version" value="52.0"/>
    <property name="sun.management.compiler" value="HotSpot 64-Bit Tiered Compilers"/>
    <property name="os.version" value="10.15.5"/>
    <property name="http.nonProxyHosts" value="local|*.local|169.254/16|*.169.254/16"/>
    <property name="user.home" value="/Users/loui"/>
    <property name="user.timezone" value="Europe/Copenhagen"/>
    <property name="java.awt.printerjob" value="sun.lwawt.macosx.CPrinterJob"/>
    <property name="java.specification.version" value="1.8"/>
    <property name="file.encoding" value="UTF-8"/>
    <property name="user.name" value="loui"/>
    <property name="java.class.path" value="/Applications/IntelliJ IDEA.app/Contents/plugins/maven/lib/maven3/boot/plexus-classworlds-2.6.0.jar:/Applications/IntelliJ IDEA.app/Contents/lib/idea_rt.jar"/>
    <property name="java.vm.specification.version" value="1.8"/>
    <property name="sun.arch.data.model" value="64"/>
    <property name="java.home" value="/Library/Java/JavaVirtualMachines/jdk1.8.0_241.jdk/Contents/Home/jre"/>
    <property name="sun.java.command" value="org.codehaus.classworlds.Launcher -Didea.version2020.1 install"/>
    <property name="java.specification.vendor" value="Oracle Corporation"/>
    <property name="user.language" value="en"/>
    <property name="awt.toolkit" value="sun.lwawt.macosx.LWCToolkit"/>
    <property name="java.vm.info" value="mixed mode"/>
    <property name="java.version" value="1.8.0_241"/>
    <property name="java.ext.dirs" value="/Users/loui/Library/Java/Extensions:/Library/Java/JavaVirtualMachines/jdk1.8.0_241.jdk/Contents/Home/jre/lib/ext:/Library/Java/Extensions:/Network/Library/Java/Extensions:/System/Library/Java/Extensions:/usr/lib/java"/>
    <property name="sun.boot.class.path" value="/Library/Java/JavaVirtualMachines/jdk1.8.0_241.jdk/Contents/Home/jre/lib/resources.jar:/Library/Java/JavaVirtualMachines/jdk1.8.0_241.jdk/Contents/Home/jre/lib/rt.jar:/Library/Java/JavaVirtualMachines/jdk1.8.0_241.jdk/Contents/Home/jre/lib/sunrsasign.jar:/Library/Java/JavaVirtualMachines/jdk1.8.0_241.jdk/Contents/Home/jre/lib/jsse.jar:/Library/Java/JavaVirtualMachines/jdk1.8.0_241.jdk/Contents/Home/jre/lib/jce.jar:/Library/Java/JavaVirtualMachines/jdk1.8.0_241.jdk/Contents/Home/jre/lib/charsets.jar:/Library/Java/JavaVirtualMachines/jdk1.8.0_241.jdk/Contents/Home/jre/lib/jfr.jar:/Library/Java/JavaVirtualMachines/jdk1.8.0_241.jdk/Contents/Home/jre/classes"/>
    <property name="java.vendor" value="Oracle Corporation"/>
    <property name="maven.home" value="/Applications/IntelliJ IDEA.app/Contents/plugins/maven/lib/maven3"/>
    <property name="file.separator" value="/"/>
    <property name="java.vendor.url.bug" value="http://bugreport.sun.com/bugreport/"/>
    <property name="sun.cpu.endian" value="little"/>
    <property name="sun.io.unicode.encoding" value="UnicodeBig"/>
    <property name="socksNonProxyHosts" value="local|*.local|169.254/16|*.169.254/16"/>
    <property name="ftp.nonProxyHosts" value="local|*.local|169.254/16|*.169.254/16"/>
    <property name="sun.cpu.isalist" value=""/>
  </properties>
  <testcase name="Activity is added to an uninitialized project" classname="Add activities to project" time="0.537"/>
  <testcase name="A developer is successfully added to the system" classname="Add a developer to the system" time="0.01"/>
  <testcase name="A developer is successfully being added as project leader to a project" classname="Add project leader to project" time="0.041">
    <error message="The step &quot;the developer with first name &quot;Ole&quot; and last name &quot;Smith&quot; is set as project leader for project with name &quot;Enigma Codebreaker&quot;&quot; is undefined. You can implement it using the snippet(s) below:&#10;&#10;@When(&quot;the developer with first name {string} and last name {string} is set as project leader for project with name {string}&quot;)&#10;public void theDeveloperWithFirstNameAndLastNameIsSetAsProjectLeaderForProjectWithName(String string, String string2, String string3) {&#10;    // Write code here that turns the phrase above into concrete actions&#10;    throw new io.cucumber.java.PendingException();&#10;}&#10;&#10;&#10;Some other steps were also undefined:&#10;&#10;@Then(&quot;the project with name {string} has the developer with first name {string} and last name {string} as project leader&quot;)&#10;public void theProjectWithNameHasTheDeveloperWithFirstNameAndLastNameAsProjectLeader(String string, String string2, String string3) {&#10;    // Write code here that turns the phrase above into concrete actions&#10;    throw new io.cucumber.java.PendingException();&#10;}&#10;" type="io.cucumber.junit.UndefinedStepException">io.cucumber.junit.UndefinedStepException: 
The step "the developer with first name "Ole" and last name "Smith" is set as project leader for project with name "Enigma Codebreaker"" is undefined. You can implement it using the snippet(s) below:

@When("the developer with first name {string} and last name {string} is set as project leader for project with name {string}")
public void theDeveloperWithFirstNameAndLastNameIsSetAsProjectLeaderForProjectWithName(String string, String string2, String string3) {
    // Write code here that turns the phrase above into concrete actions
    throw new io.cucumber.java.PendingException();
}


Some other steps were also undefined:

@Then("the project with name {string} has the developer with first name {string} and last name {string} as project leader")
public void theProjectWithNameHasTheDeveloperWithFirstNameAndLastNameAsProjectLeader(String string, String string2, String string3) {
    // Write code here that turns the phrase above into concrete actions
    throw new io.cucumber.java.PendingException();
}

</error>
    <system-out><![CDATA[
Scenario: A developer is successfully being added as project leader to a project                                                     # use_cases/addProjectLeaderToProject.feature:13
  Given A project with name "Enigma Codebreaker" is created                                                                          # acceptance_tests.steps.SystemSteps.aProjectWithNameIsCreated(java.lang.String)
  When The project is added to the system                                                                                            # acceptance_tests.steps.SystemSteps.theProjectIsAddedToTheSystem()
  Then There is a project in the system with name "Enigma Codebreaker"                                                               # acceptance_tests.steps.SystemSteps.thereIsAProjectInTheSystemWithName(java.lang.String)
  Given The following developers are registered in the system                                                                        # acceptance_tests.steps.SystemSteps.theFollowingDeveloperSIsAreRegisteredInTheSystem(java.util.List<java.util.List<java.lang.String>>)
  When the developer with first name "Ole" and last name "Smith" is set as project leader for project with name "Enigma Codebreaker" # null
  Then the project with name "Enigma Codebreaker" has the developer with first name "Ole" and last name "Smith" as project leader    # null
]]></system-out>
  </testcase>
  <testcase name="The project start date is set" classname="Change Interval date" time="0.006"/>
  <testcase name="The project end date is set" classname="Change Interval date" time="0.005"/>
  <testcase name="A developer creates a project" classname="Create a project" time="0.007"/>
  <testcase name="The project ID fits the current date" classname="Create a project" time="0.005"/>
  <testcase name="A project is initialized" classname="someone initializes a project" time="0.006"/>
  <testcase name="A developer is set as the active developer" classname="the active developer is chosen" time="0.004"/>
  <testcase name="the active developer is set as null" classname="the active developer is chosen" time="0.002"/>
</testsuite>